<?xml version="1.0" encoding="UTF-8"?>
<!-- Generated by org.testng.reporters.JUnitXMLReporter -->
<testsuite ignored="0" hostname="DESKTOP-JJ8PCSV" failures="0" tests="15" name="Test" time="47.235" errors="0" timestamp="2022-11-10T21:01:00 IST">
  <testcase classname="pk08testng.Pr01VerifyPages" name="verifyAboutUsPage" time="5.189"/>
  <testcase classname="pk08testng.Pr01VerifyPages" name="verifyCarListingPage" time="2.859"/>
  <testcase classname="pk08testng.Pr01VerifyPages" name="verifyContactUsPage" time="2.609"/>
  <testcase classname="pk08testng.Pr01VerifyPages" name="verifyFAQsPage" time="2.412"/>
  <testcase classname="pk08testng.Pr01VerifyPages" name="verifyHomePage" time="2.202"/>
  <testcase classname="pk08testng.Pr02NavigationBarCheckWithPOM" name="checkNavigationBarLinks" time="2.572"/>
  <testcase classname="pk08testng.Pr02NavigationBarCheckWithPOM" name="searchAudi" time="2.928"/>
  <testcase classname="pk08testng.Pr02NavigationBarCheckWithPOM" name="searchBMW" time="3.013"/>
  <testcase classname="pk08testng.Pr02NavigationBarCheckWithPOM" name="searchMaruthi" time="2.921"/>
  <testcase classname="pk08testng.Pr02NavigationBarCheckWithPOM" name="searchNissan" time="2.922"/>
  <testcase classname="pk08testng.Pr02NavigationBarCheckWithPOM" name="searchToyota" time="3.012"/>
  <testcase classname="pk08testng.Pr03Login" name="loginUser1" time="3.593"/>
  <testcase classname="pk08testng.Pr03Login" name="loginUser2" time="3.824"/>
  <testcase classname="pk08testng.Pr03Login" name="loginUser3" time="3.584"/>
  <testcase classname="pk08testng.Pr03Login" name="loginUser4" time="3.496"/>
</testsuite> <!-- Test -->
