<?xml version="1.0" encoding="UTF-8"?>
<!-- Generated by org.testng.reporters.JUnitXMLReporter -->
<testsuite ignored="0" hostname="DESKTOP-JJ8PCSV" failures="0" tests="5" name="Test2" time="11.21" errors="0" timestamp="2022-10-30T20:22:53 IST">
  <testcase classname="pk8testng.Pr01VerifyPages" name="verifyAboutUsPage" time="2.234"/>
  <testcase classname="pk8testng.Pr01VerifyPages" name="verifyCarListingPage" time="2.198"/>
  <testcase classname="pk8testng.Pr01VerifyPages" name="verifyContactUsPage" time="2.493"/>
  <testcase classname="pk8testng.Pr01VerifyPages" name="verifyFAQsPage" time="2.195"/>
  <testcase classname="pk8testng.Pr01VerifyPages" name="verifyHomePage" time="2.065"/>
</testsuite> <!-- Test2 -->
