<?xml version="1.0" encoding="UTF-8"?>
<!-- Generated by org.testng.reporters.JUnitXMLReporter -->
<testsuite ignored="0" hostname="DESKTOP-JJ8PCSV" failures="0" tests="4" name="Test1" time="12.754" errors="0" timestamp="2022-10-30T20:22:42 IST">
  <testcase classname="pk8testng.Pr03Login" name="loginUser1" time="3.104"/>
  <testcase classname="pk8testng.Pr03Login" name="loginUser2" time="3.277"/>
  <testcase classname="pk8testng.Pr03Login" name="loginUser3" time="3.195"/>
  <testcase classname="pk8testng.Pr03Login" name="loginUser4" time="3.17"/>
</testsuite> <!-- Test1 -->
