<?xml version="1.0" encoding="UTF-8"?>
<!-- Generated by org.testng.reporters.JUnitXMLReporter -->
<testsuite ignored="13" hostname="DESKTOP-JJ8PCSV" failures="0" tests="2" name="Test" time="5.491" errors="0" timestamp="2022-11-06T00:54:23 IST">
  <testcase classname="pk09testnggroups.Pr01VerifyPages" name="verifyAboutUsPage" time="3.197"/>
  <testcase classname="pk09testnggroups.Pr01VerifyPages" name="verifyHomePage" time="2.227"/>
  <testcase classname="pk09testnggroups.Pr01VerifyPages" name="verifyContactUsPage" time="0.0">
    <ignored/>
  </testcase> <!-- verifyContactUsPage -->
  <testcase classname="pk09testnggroups.Pr02NavigationBarCheckWithPOM" name="searchNissan" time="0.0">
    <ignored/>
  </testcase> <!-- searchNissan -->
  <testcase classname="pk09testnggroups.Pr03Login" name="loginUser4" time="0.0">
    <ignored/>
  </testcase> <!-- loginUser4 -->
  <testcase classname="pk09testnggroups.Pr03Login" name="loginUser2" time="0.0">
    <ignored/>
  </testcase> <!-- loginUser2 -->
  <testcase classname="pk09testnggroups.Pr02NavigationBarCheckWithPOM" name="searchAudi" time="0.0">
    <ignored/>
  </testcase> <!-- searchAudi -->
  <testcase classname="pk09testnggroups.Pr02NavigationBarCheckWithPOM" name="searchBMW" time="0.0">
    <ignored/>
  </testcase> <!-- searchBMW -->
  <testcase classname="pk09testnggroups.Pr03Login" name="loginUser3" time="0.0">
    <ignored/>
  </testcase> <!-- loginUser3 -->
  <testcase classname="pk09testnggroups.Pr02NavigationBarCheckWithPOM" name="searchToyota" time="0.0">
    <ignored/>
  </testcase> <!-- searchToyota -->
  <testcase classname="pk09testnggroups.Pr01VerifyPages" name="verifyFAQsPage" time="0.0">
    <ignored/>
  </testcase> <!-- verifyFAQsPage -->
  <testcase classname="pk09testnggroups.Pr03Login" name="loginUser1" time="0.0">
    <ignored/>
  </testcase> <!-- loginUser1 -->
  <testcase classname="pk09testnggroups.Pr02NavigationBarCheckWithPOM" name="searchMaruthi" time="0.0">
    <ignored/>
  </testcase> <!-- searchMaruthi -->
  <testcase classname="pk09testnggroups.Pr01VerifyPages" name="verifyCarListingPage" time="0.0">
    <ignored/>
  </testcase> <!-- verifyCarListingPage -->
  <testcase classname="pk09testnggroups.Pr02NavigationBarCheckWithPOM" name="checkNavigationBarLinks" time="0.0">
    <ignored/>
  </testcase> <!-- checkNavigationBarLinks -->
</testsuite> <!-- Test -->
