<?xml version="1.0" encoding="UTF-8"?>
<!-- Generated by org.testng.reporters.JUnitXMLReporter -->
<testsuite hostname="DESKTOP-JJ8PCSV" ignored="0" name="Test" tests="15" failures="0" timestamp="2022-11-09T01:02:18 IST" time="101.559" errors="0">
  <testcase name="verifyAboutUsPage" time="20.321" classname="pk08testng.Pr01VerifyPages"/>
  <testcase name="verifyCarListingPage" time="2.864" classname="pk08testng.Pr01VerifyPages"/>
  <testcase name="verifyContactUsPage" time="2.768" classname="pk08testng.Pr01VerifyPages"/>
  <testcase name="verifyFAQsPage" time="18.837" classname="pk08testng.Pr01VerifyPages"/>
  <testcase name="verifyHomePage" time="18.648" classname="pk08testng.Pr01VerifyPages"/>
  <testcase name="checkNavigationBarLinks" time="3.369" classname="pk08testng.Pr02NavigationBarCheckWithPOM"/>
  <testcase name="searchAudi" time="3.469" classname="pk08testng.Pr02NavigationBarCheckWithPOM"/>
  <testcase name="searchBMW" time="3.602" classname="pk08testng.Pr02NavigationBarCheckWithPOM"/>
  <testcase name="searchMaruthi" time="3.511" classname="pk08testng.Pr02NavigationBarCheckWithPOM"/>
  <testcase name="searchNissan" time="3.519" classname="pk08testng.Pr02NavigationBarCheckWithPOM"/>
  <testcase name="searchToyota" time="3.557" classname="pk08testng.Pr02NavigationBarCheckWithPOM"/>
  <testcase name="loginUser1" time="4.185" classname="pk08testng.Pr03Login"/>
  <testcase name="loginUser2" time="4.281" classname="pk08testng.Pr03Login"/>
  <testcase name="loginUser3" time="4.274" classname="pk08testng.Pr03Login"/>
  <testcase name="loginUser4" time="4.247" classname="pk08testng.Pr03Login"/>
</testsuite> <!-- Test -->
