<?xml version="1.0" encoding="UTF-8"?>
<!-- Generated by org.testng.reporters.JUnitXMLReporter -->
<testsuite ignored="0" hostname="DESKTOP-JJ8PCSV" failures="0" tests="15" name="Test" time="41.901" errors="0" timestamp="2022-11-10T23:59:08 IST">
  <testcase classname="pk08testng.Pr01VerifyPages" name="verifyAboutUsPage" time="3.291"/>
  <testcase classname="pk08testng.Pr01VerifyPages" name="verifyCarListingPage" time="2.524"/>
  <testcase classname="pk08testng.Pr01VerifyPages" name="verifyContactUsPage" time="2.501"/>
  <testcase classname="pk08testng.Pr01VerifyPages" name="verifyFAQsPage" time="2.445"/>
  <testcase classname="pk08testng.Pr01VerifyPages" name="verifyHomePage" time="2.11"/>
  <testcase classname="pk08testng.Pr02NavigationBarCheckWithPOM" name="checkNavigationBarLinks" time="2.48"/>
  <testcase classname="pk08testng.Pr02NavigationBarCheckWithPOM" name="searchAudi" time="2.773"/>
  <testcase classname="pk08testng.Pr02NavigationBarCheckWithPOM" name="searchBMW" time="2.595"/>
  <testcase classname="pk08testng.Pr02NavigationBarCheckWithPOM" name="searchMaruthi" time="2.611"/>
  <testcase classname="pk08testng.Pr02NavigationBarCheckWithPOM" name="searchNissan" time="2.786"/>
  <testcase classname="pk08testng.Pr02NavigationBarCheckWithPOM" name="searchToyota" time="2.709"/>
  <testcase classname="pk08testng.Pr03Login" name="loginUser1" time="3.297"/>
  <testcase classname="pk08testng.Pr03Login" name="loginUser2" time="3.208"/>
  <testcase classname="pk08testng.Pr03Login" name="loginUser3" time="3.193"/>
  <testcase classname="pk08testng.Pr03Login" name="loginUser4" time="3.309"/>
</testsuite> <!-- Test -->
