<?xml version="1.0" encoding="UTF-8"?>
<testng-results skipped="0" failed="0" ignored="0" total="15" passed="15">
  <reporter-output>
  </reporter-output>
  <suite name="Suite" duration-ms="101559" started-at="2022-11-09T01:00:36 IST" finished-at="2022-11-09T01:02:18 IST">
    <groups>
    </groups>
    <test name="Test" duration-ms="101559" started-at="2022-11-09T01:00:36 IST" finished-at="2022-11-09T01:02:18 IST">
      <class name="pk08testng.Pr02NavigationBarCheckWithPOM">
        <test-method status="PASS" signature="checkNavigationBarLinks()[pri:0, instance:pk08testng.Pr02NavigationBarCheckWithPOM@370736d9]" name="checkNavigationBarLinks" duration-ms="3369" started-at="2022-11-09T01:01:40 IST" finished-at="2022-11-09T01:01:43 IST">
          <reporter-output>
          </reporter-output>
        </test-method> <!-- checkNavigationBarLinks -->
        <test-method status="PASS" signature="searchAudi()[pri:0, instance:pk08testng.Pr02NavigationBarCheckWithPOM@370736d9]" name="searchAudi" duration-ms="3469" started-at="2022-11-09T01:01:43 IST" finished-at="2022-11-09T01:01:47 IST">
          <reporter-output>
          </reporter-output>
        </test-method> <!-- searchAudi -->
        <test-method status="PASS" signature="searchBMW()[pri:0, instance:pk08testng.Pr02NavigationBarCheckWithPOM@370736d9]" name="searchBMW" duration-ms="3602" started-at="2022-11-09T01:01:47 IST" finished-at="2022-11-09T01:01:50 IST">
          <reporter-output>
          </reporter-output>
        </test-method> <!-- searchBMW -->
        <test-method status="PASS" signature="searchMaruthi()[pri:0, instance:pk08testng.Pr02NavigationBarCheckWithPOM@370736d9]" name="searchMaruthi" duration-ms="3511" started-at="2022-11-09T01:01:50 IST" finished-at="2022-11-09T01:01:54 IST">
          <reporter-output>
          </reporter-output>
        </test-method> <!-- searchMaruthi -->
        <test-method status="PASS" signature="searchNissan()[pri:0, instance:pk08testng.Pr02NavigationBarCheckWithPOM@370736d9]" name="searchNissan" duration-ms="3519" started-at="2022-11-09T01:01:54 IST" finished-at="2022-11-09T01:01:57 IST">
          <reporter-output>
          </reporter-output>
        </test-method> <!-- searchNissan -->
        <test-method status="PASS" signature="searchToyota()[pri:0, instance:pk08testng.Pr02NavigationBarCheckWithPOM@370736d9]" name="searchToyota" duration-ms="3557" started-at="2022-11-09T01:01:57 IST" finished-at="2022-11-09T01:02:01 IST">
          <reporter-output>
          </reporter-output>
        </test-method> <!-- searchToyota -->
      </class> <!-- pk08testng.Pr02NavigationBarCheckWithPOM -->
      <class name="pk08testng.Pr01VerifyPages">
        <test-method status="PASS" signature="verifyAboutUsPage()[pri:0, instance:pk08testng.Pr01VerifyPages@3108bc]" name="verifyAboutUsPage" duration-ms="20321" started-at="2022-11-09T01:00:36 IST" finished-at="2022-11-09T01:00:57 IST">
          <reporter-output>
          </reporter-output>
        </test-method> <!-- verifyAboutUsPage -->
        <test-method status="PASS" signature="verifyCarListingPage()[pri:0, instance:pk08testng.Pr01VerifyPages@3108bc]" name="verifyCarListingPage" duration-ms="2864" started-at="2022-11-09T01:00:57 IST" finished-at="2022-11-09T01:00:59 IST">
          <reporter-output>
          </reporter-output>
        </test-method> <!-- verifyCarListingPage -->
        <test-method status="PASS" signature="verifyContactUsPage()[pri:0, instance:pk08testng.Pr01VerifyPages@3108bc]" name="verifyContactUsPage" duration-ms="2768" started-at="2022-11-09T01:00:59 IST" finished-at="2022-11-09T01:01:02 IST">
          <reporter-output>
          </reporter-output>
        </test-method> <!-- verifyContactUsPage -->
        <test-method status="PASS" signature="verifyFAQsPage()[pri:0, instance:pk08testng.Pr01VerifyPages@3108bc]" name="verifyFAQsPage" duration-ms="18837" started-at="2022-11-09T01:01:02 IST" finished-at="2022-11-09T01:01:21 IST">
          <reporter-output>
          </reporter-output>
        </test-method> <!-- verifyFAQsPage -->
        <test-method status="PASS" signature="verifyHomePage()[pri:0, instance:pk08testng.Pr01VerifyPages@3108bc]" name="verifyHomePage" duration-ms="18648" started-at="2022-11-09T01:01:21 IST" finished-at="2022-11-09T01:01:40 IST">
          <reporter-output>
          </reporter-output>
        </test-method> <!-- verifyHomePage -->
      </class> <!-- pk08testng.Pr01VerifyPages -->
      <class name="pk08testng.Pr03Login">
        <test-method status="PASS" signature="loginUser1()[pri:0, instance:pk08testng.Pr03Login@5f9d02cb]" name="loginUser1" duration-ms="4185" started-at="2022-11-09T01:02:01 IST" finished-at="2022-11-09T01:02:05 IST">
          <reporter-output>
          </reporter-output>
        </test-method> <!-- loginUser1 -->
        <test-method status="PASS" signature="loginUser2()[pri:0, instance:pk08testng.Pr03Login@5f9d02cb]" name="loginUser2" duration-ms="4281" started-at="2022-11-09T01:02:05 IST" finished-at="2022-11-09T01:02:09 IST">
          <reporter-output>
          </reporter-output>
        </test-method> <!-- loginUser2 -->
        <test-method status="PASS" signature="loginUser3()[pri:0, instance:pk08testng.Pr03Login@5f9d02cb]" name="loginUser3" duration-ms="4274" started-at="2022-11-09T01:02:09 IST" finished-at="2022-11-09T01:02:13 IST">
          <reporter-output>
          </reporter-output>
        </test-method> <!-- loginUser3 -->
        <test-method status="PASS" signature="loginUser4()[pri:0, instance:pk08testng.Pr03Login@5f9d02cb]" name="loginUser4" duration-ms="4247" started-at="2022-11-09T01:02:14 IST" finished-at="2022-11-09T01:02:18 IST">
          <reporter-output>
          </reporter-output>
        </test-method> <!-- loginUser4 -->
      </class> <!-- pk08testng.Pr03Login -->
    </test> <!-- Test -->
  </suite> <!-- Suite -->
</testng-results>
