<?xml version="1.0" encoding="UTF-8"?>
<testng-results ignored="0" total="15" passed="15" failed="0" skipped="0">
  <reporter-output>
  </reporter-output>
  <suite started-at="2022-11-10T21:00:13 IST" name="Suite" finished-at="2022-11-10T21:01:00 IST" duration-ms="47235">
    <groups>
    </groups>
    <test started-at="2022-11-10T21:00:13 IST" name="Test" finished-at="2022-11-10T21:01:00 IST" duration-ms="47235">
      <class name="pk08testng.Pr02NavigationBarCheckWithPOM">
        <test-method signature="checkNavigationBarLinks()[pri:0, instance:pk08testng.Pr02NavigationBarCheckWithPOM@14555e0a]" started-at="2022-11-10T21:00:28 IST" name="checkNavigationBarLinks" finished-at="2022-11-10T21:00:31 IST" duration-ms="2572" status="PASS">
          <reporter-output>
          </reporter-output>
        </test-method> <!-- checkNavigationBarLinks -->
        <test-method signature="searchAudi()[pri:0, instance:pk08testng.Pr02NavigationBarCheckWithPOM@14555e0a]" started-at="2022-11-10T21:00:31 IST" name="searchAudi" finished-at="2022-11-10T21:00:33 IST" duration-ms="2928" status="PASS">
          <reporter-output>
          </reporter-output>
        </test-method> <!-- searchAudi -->
        <test-method signature="searchBMW()[pri:0, instance:pk08testng.Pr02NavigationBarCheckWithPOM@14555e0a]" started-at="2022-11-10T21:00:33 IST" name="searchBMW" finished-at="2022-11-10T21:00:36 IST" duration-ms="3013" status="PASS">
          <reporter-output>
          </reporter-output>
        </test-method> <!-- searchBMW -->
        <test-method signature="searchMaruthi()[pri:0, instance:pk08testng.Pr02NavigationBarCheckWithPOM@14555e0a]" started-at="2022-11-10T21:00:36 IST" name="searchMaruthi" finished-at="2022-11-10T21:00:39 IST" duration-ms="2921" status="PASS">
          <reporter-output>
          </reporter-output>
        </test-method> <!-- searchMaruthi -->
        <test-method signature="searchNissan()[pri:0, instance:pk08testng.Pr02NavigationBarCheckWithPOM@14555e0a]" started-at="2022-11-10T21:00:39 IST" name="searchNissan" finished-at="2022-11-10T21:00:42 IST" duration-ms="2922" status="PASS">
          <reporter-output>
          </reporter-output>
        </test-method> <!-- searchNissan -->
        <test-method signature="searchToyota()[pri:0, instance:pk08testng.Pr02NavigationBarCheckWithPOM@14555e0a]" started-at="2022-11-10T21:00:42 IST" name="searchToyota" finished-at="2022-11-10T21:00:45 IST" duration-ms="3012" status="PASS">
          <reporter-output>
          </reporter-output>
        </test-method> <!-- searchToyota -->
      </class> <!-- pk08testng.Pr02NavigationBarCheckWithPOM -->
      <class name="pk08testng.Pr01VerifyPages">
        <test-method signature="verifyAboutUsPage()[pri:0, instance:pk08testng.Pr01VerifyPages@48974e45]" started-at="2022-11-10T21:00:13 IST" name="verifyAboutUsPage" finished-at="2022-11-10T21:00:18 IST" duration-ms="5189" status="PASS">
          <reporter-output>
          </reporter-output>
        </test-method> <!-- verifyAboutUsPage -->
        <test-method signature="verifyCarListingPage()[pri:0, instance:pk08testng.Pr01VerifyPages@48974e45]" started-at="2022-11-10T21:00:18 IST" name="verifyCarListingPage" finished-at="2022-11-10T21:00:21 IST" duration-ms="2859" status="PASS">
          <reporter-output>
          </reporter-output>
        </test-method> <!-- verifyCarListingPage -->
        <test-method signature="verifyContactUsPage()[pri:0, instance:pk08testng.Pr01VerifyPages@48974e45]" started-at="2022-11-10T21:00:21 IST" name="verifyContactUsPage" finished-at="2022-11-10T21:00:23 IST" duration-ms="2609" status="PASS">
          <reporter-output>
          </reporter-output>
        </test-method> <!-- verifyContactUsPage -->
        <test-method signature="verifyFAQsPage()[pri:0, instance:pk08testng.Pr01VerifyPages@48974e45]" started-at="2022-11-10T21:00:23 IST" name="verifyFAQsPage" finished-at="2022-11-10T21:00:26 IST" duration-ms="2412" status="PASS">
          <reporter-output>
          </reporter-output>
        </test-method> <!-- verifyFAQsPage -->
        <test-method signature="verifyHomePage()[pri:0, instance:pk08testng.Pr01VerifyPages@48974e45]" started-at="2022-11-10T21:00:26 IST" name="verifyHomePage" finished-at="2022-11-10T21:00:28 IST" duration-ms="2202" status="PASS">
          <reporter-output>
          </reporter-output>
        </test-method> <!-- verifyHomePage -->
      </class> <!-- pk08testng.Pr01VerifyPages -->
      <class name="pk08testng.Pr03Login">
        <test-method signature="loginUser1()[pri:0, instance:pk08testng.Pr03Login@4bb33f74]" started-at="2022-11-10T21:00:45 IST" name="loginUser1" finished-at="2022-11-10T21:00:49 IST" duration-ms="3593" status="PASS">
          <reporter-output>
          </reporter-output>
        </test-method> <!-- loginUser1 -->
        <test-method signature="loginUser2()[pri:0, instance:pk08testng.Pr03Login@4bb33f74]" started-at="2022-11-10T21:00:49 IST" name="loginUser2" finished-at="2022-11-10T21:00:53 IST" duration-ms="3824" status="PASS">
          <reporter-output>
          </reporter-output>
        </test-method> <!-- loginUser2 -->
        <test-method signature="loginUser3()[pri:0, instance:pk08testng.Pr03Login@4bb33f74]" started-at="2022-11-10T21:00:53 IST" name="loginUser3" finished-at="2022-11-10T21:00:56 IST" duration-ms="3584" status="PASS">
          <reporter-output>
          </reporter-output>
        </test-method> <!-- loginUser3 -->
        <test-method signature="loginUser4()[pri:0, instance:pk08testng.Pr03Login@4bb33f74]" started-at="2022-11-10T21:00:56 IST" name="loginUser4" finished-at="2022-11-10T21:01:00 IST" duration-ms="3496" status="PASS">
          <reporter-output>
          </reporter-output>
        </test-method> <!-- loginUser4 -->
      </class> <!-- pk08testng.Pr03Login -->
    </test> <!-- Test -->
  </suite> <!-- Suite -->
</testng-results>
